<?xml version="1.0" encoding="UTF-8"?>
<!-- Generated by org.testng.reporters.JUnitXMLReporter -->
<testsuite ignored="13" hostname="DESKTOP-CFATBVO" failures="7" tests="20" name="Test" time="384.822" errors="0" timestamp="2022-09-10T20:58:26 IST">
  <testcase classname="testcases.TC_HomePage_006_2" name="checkForPrice" time="42.133"/>
  <testcase classname="testcases.TC_HomePage_008" name="checkForNavigatingtoProceedToCheckOutPage" time="26.276">
    <failure type="java.lang.AssertionError" message="expected [Basket &amp;amp;#8211; Automation Practice Site] but found [Basket – Automation Practice Site]">
      <![CDATA[java.lang.AssertionError: expected [Basket &#8211; Automation Practice Site] but found [Basket – Automation Practice Site]
at testcases.TC_HomePage_008.checkForNavigatingtoProceedToCheckOutPage(TC_HomePage_008.java:43)
at java.base/java.util.ArrayList.forEach(ArrayList.java:1511)
... Removed 31 stack frames]]>
    </failure>
  </testcase> <!-- checkForNavigatingtoProceedToCheckOutPage -->
  <testcase classname="testcases.TC_HomePage_009" name="checkForCouponAppliedOnBasket" time="21.936"/>
  <testcase classname="testcases.TC_HomePage_004" name="checkForDescriptionOfProduct" time="21.292">
    <failure type="org.openqa.selenium.StaleElementReferenceException" message="stale element reference: element is not attached to the page document
  (Session info: chrome=105.0.5195.102)
For documentation on this error, please visit: https://selenium.dev/exceptions/#stale_element_reference
Build info: version: &amp;apos;4.3.0&amp;apos;, revision: &amp;apos;a4995e2c09*&amp;apos;
System info: host: &amp;apos;DESKTOP-CFATBVO&amp;apos;, ip: &amp;apos;192.168.2.8&amp;apos;, os.name: &amp;apos;Windows 10&amp;apos;, os.arch: &amp;apos;amd64&amp;apos;, os.version: &amp;apos;10.0&amp;apos;, java.version: &amp;apos;18&amp;apos;
Driver info: org.openqa.selenium.chrome.ChromeDriver
Command: [1c06ad6cf81a9005277b060969b52069, clickElement {id=644b3eb6-1143-4cae-89af-7975da763b44}]
Capabilities {acceptInsecureCerts: false, browserName: chrome, browserVersion: 105.0.5195.102, chrome: {chromedriverVersion: 105.0.5195.52 (412c95e51883..., userDataDir: C:\Users\HAI\AppData\Local\...}, goog:chromeOptions: {debuggerAddress: localhost:55952}, networkConnectionEnabled: false, pageLoadStrategy: normal, platformName: WINDOWS, proxy: Proxy(), se:cdp: ws://localhost:55952/devtoo..., se:cdpVersion: 105.0.5195.102, setWindowRect: true, strictFileInteractability: false, timeouts: {implicit: 0, pageLoad: 300000, script: 30000}, unhandledPromptBehavior: dismiss and notify, webauthn:extension:credBlob: true, webauthn:extension:largeBlob: true, webauthn:virtualAuthenticators: true}
Element: [[ChromeDriver: chrome on WINDOWS (1c06ad6cf81a9005277b060969b52069)] -&amp;gt; xpath: //div[@class=&amp;apos;themify_builder_sub_row clearfix gutter-default   sub_row_1-0-2&amp;apos;]/div/div/div/ul/li/a[1]]
Session ID: 1c06ad6cf81a9005277b060969b52069">
      <![CDATA[org.openqa.selenium.StaleElementReferenceException: stale element reference: element is not attached to the page document
  (Session info: chrome=105.0.5195.102)
For documentation on this error, please visit: https://selenium.dev/exceptions/#stale_element_reference
Build info: version: '4.3.0', revision: 'a4995e2c09*'
System info: host: 'DESKTOP-CFATBVO', ip: '192.168.2.8', os.name: 'Windows 10', os.arch: 'amd64', os.version: '10.0', java.version: '18'
Driver info: org.openqa.selenium.chrome.ChromeDriver
Command: [1c06ad6cf81a9005277b060969b52069, clickElement {id=644b3eb6-1143-4cae-89af-7975da763b44}]
Capabilities {acceptInsecureCerts: false, browserName: chrome, browserVersion: 105.0.5195.102, chrome: {chromedriverVersion: 105.0.5195.52 (412c95e51883..., userDataDir: C:\Users\HAI\AppData\Local\...}, goog:chromeOptions: {debuggerAddress: localhost:55952}, networkConnectionEnabled: false, pageLoadStrategy: normal, platformName: WINDOWS, proxy: Proxy(), se:cdp: ws://localhost:55952/devtoo..., se:cdpVersion: 105.0.5195.102, setWindowRect: true, strictFileInteractability: false, timeouts: {implicit: 0, pageLoad: 300000, script: 30000}, unhandledPromptBehavior: dismiss and notify, webauthn:extension:credBlob: true, webauthn:extension:largeBlob: true, webauthn:virtualAuthenticators: true}
Element: [[ChromeDriver: chrome on WINDOWS (1c06ad6cf81a9005277b060969b52069)] -> xpath: //div[@class='themify_builder_sub_row clearfix gutter-default   sub_row_1-0-2']/div/div/div/ul/li/a[1]]
Session ID: 1c06ad6cf81a9005277b060969b52069
at org.openqa.selenium.remote.codec.w3c.W3CHttpResponseCodec.createException(W3CHttpResponseCodec.java:200)
at org.openqa.selenium.remote.codec.w3c.W3CHttpResponseCodec.decode(W3CHttpResponseCodec.java:133)
at org.openqa.selenium.remote.codec.w3c.W3CHttpResponseCodec.decode(W3CHttpResponseCodec.java:53)
at org.openqa.selenium.remote.HttpCommandExecutor.execute(HttpCommandExecutor.java:184)
at org.openqa.selenium.remote.service.DriverCommandExecutor.invokeExecute(DriverCommandExecutor.java:167)
at org.openqa.selenium.remote.service.DriverCommandExecutor.execute(DriverCommandExecutor.java:142)
at org.openqa.selenium.remote.RemoteWebDriver.execute(RemoteWebDriver.java:569)
at org.openqa.selenium.remote.RemoteWebElement.execute(RemoteWebElement.java:257)
at org.openqa.selenium.remote.RemoteWebElement.click(RemoteWebElement.java:78)
at testcases.TC_HomePage_004.checkForDescriptionOfProduct(TC_HomePage_004.java:36)
at java.base/java.util.ArrayList.forEach(ArrayList.java:1511)
... Removed 28 stack frames]]>
    </failure>
  </testcase> <!-- checkForDescriptionOfProduct -->
  <testcase classname="testcases.TC_HomePage_005" name="checkForReviews" time="39.951"/>
  <testcase classname="testcases.TC_HomePage_006" name="checkForPrice" time="9.169">
    <failure type="org.openqa.selenium.ElementClickInterceptedException" message="element click intercepted: Element &amp;lt;a href=&amp;quot;https://practice.automationtesting.in/product/selenium-ruby/&amp;quot; class=&amp;quot;woocommerce-LoopProduct-link&amp;quot;&amp;gt;...&amp;lt;/a&amp;gt; is not clickable at point (310, 411). Other element would receive the click: &amp;lt;iframe id=&amp;quot;aswift_6&amp;quot; name=&amp;quot;aswift_6&amp;quot; style=&amp;quot;width: 100vw !important; height: 100vh !important; inset: 0px auto auto 0px !important; position: absolute !important; clear: none !important; display: inline !important; float: none !important; margin: 0px !important; max-height: none !important; max-width: none !important; opacity: 1 !important; overflow: visible !important; padding: 0px !important; vertical-align: baseline !important; visibility: visible !important; z-index: auto !important;&amp;quot; sandbox=&amp;quot;allow-forms allow-popups allow-popups-to-escape-sandbox allow-same-origin allow-scripts allow-top-navigation-by-user-activation&amp;quot; width=&amp;quot;&amp;quot; height=&amp;quot;&amp;quot; frameborder=&amp;quot;0&amp;quot; marginwidth=&amp;quot;0&amp;quot; marginheight=&amp;quot;0&amp;quot; vspace=&amp;quot;0&amp;quot; hspace=&amp;quot;0&amp;quot; allowtransparency=&amp;quot;true&amp;quot; scrolling=&amp;quot;no&amp;quot; src=&amp;quot;https://googleads.g.doubleclick.net/pagead/html/r20220907/r20110914/zrt_lookup.html?fsb=1#RS-0-&amp;amp;amp;adk=1812271808&amp;amp;amp;client=ca-pub-9173866185064071&amp;amp;amp;fa=8&amp;amp;amp;ifi=7&amp;amp;amp;uci=a!7&amp;amp;amp;xpc=ghxNCbqFUv&amp;amp;amp;p=https%3A//practice.automationtesting.in&amp;quot; data-google-container-id=&amp;quot;a!7&amp;quot; data-google-query-id=&amp;quot;CMjWjKLEivoCFXET-QAdvIcCFg&amp;quot; data-load-complete=&amp;quot;true&amp;quot;&amp;gt;&amp;lt;/iframe&amp;gt;
  (Session info: chrome=105.0.5195.102)
Build info: version: &amp;apos;4.3.0&amp;apos;, revision: &amp;apos;a4995e2c09*&amp;apos;
System info: host: &amp;apos;DESKTOP-CFATBVO&amp;apos;, ip: &amp;apos;192.168.2.8&amp;apos;, os.name: &amp;apos;Windows 10&amp;apos;, os.arch: &amp;apos;amd64&amp;apos;, os.version: &amp;apos;10.0&amp;apos;, java.version: &amp;apos;18&amp;apos;
Driver info: org.openqa.selenium.chrome.ChromeDriver
Command: [53d8d59d2304ffc3d29d5bd4104eef71, clickElement {id=0f13b140-5801-436c-aad8-0a14243dfc7a}]
Capabilities {acceptInsecureCerts: false, browserName: chrome, browserVersion: 105.0.5195.102, chrome: {chromedriverVersion: 105.0.5195.52 (412c95e51883..., userDataDir: C:\Users\HAI\AppData\Local\...}, goog:chromeOptions: {debuggerAddress: localhost:56135}, networkConnectionEnabled: false, pageLoadStrategy: normal, platformName: WINDOWS, proxy: Proxy(), se:cdp: ws://localhost:56135/devtoo..., se:cdpVersion: 105.0.5195.102, setWindowRect: true, strictFileInteractability: false, timeouts: {implicit: 0, pageLoad: 300000, script: 30000}, unhandledPromptBehavior: dismiss and notify, webauthn:extension:credBlob: true, webauthn:extension:largeBlob: true, webauthn:virtualAuthenticators: true}
Element: [[ChromeDriver: chrome on WINDOWS (53d8d59d2304ffc3d29d5bd4104eef71)] -&amp;gt; xpath: //a[@href=&amp;apos;https://practice.automationtesting.in/product/selenium-ruby/&amp;apos;]]
Session ID: 53d8d59d2304ffc3d29d5bd4104eef71">
      <![CDATA[org.openqa.selenium.ElementClickInterceptedException: element click intercepted: Element <a href="https://practice.automationtesting.in/product/selenium-ruby/" class="woocommerce-LoopProduct-link">...</a> is not clickable at point (310, 411). Other element would receive the click: <iframe id="aswift_6" name="aswift_6" style="width: 100vw !important; height: 100vh !important; inset: 0px auto auto 0px !important; position: absolute !important; clear: none !important; display: inline !important; float: none !important; margin: 0px !important; max-height: none !important; max-width: none !important; opacity: 1 !important; overflow: visible !important; padding: 0px !important; vertical-align: baseline !important; visibility: visible !important; z-index: auto !important;" sandbox="allow-forms allow-popups allow-popups-to-escape-sandbox allow-same-origin allow-scripts allow-top-navigation-by-user-activation" width="" height="" frameborder="0" marginwidth="0" marginheight="0" vspace="0" hspace="0" allowtransparency="true" scrolling="no" src="https://googleads.g.doubleclick.net/pagead/html/r20220907/r20110914/zrt_lookup.html?fsb=1#RS-0-&amp;adk=1812271808&amp;client=ca-pub-9173866185064071&amp;fa=8&amp;ifi=7&amp;uci=a!7&amp;xpc=ghxNCbqFUv&amp;p=https%3A//practice.automationtesting.in" data-google-container-id="a!7" data-google-query-id="CMjWjKLEivoCFXET-QAdvIcCFg" data-load-complete="true"></iframe>
  (Session info: chrome=105.0.5195.102)
Build info: version: '4.3.0', revision: 'a4995e2c09*'
System info: host: 'DESKTOP-CFATBVO', ip: '192.168.2.8', os.name: 'Windows 10', os.arch: 'amd64', os.version: '10.0', java.version: '18'
Driver info: org.openqa.selenium.chrome.ChromeDriver
Command: [53d8d59d2304ffc3d29d5bd4104eef71, clickElement {id=0f13b140-5801-436c-aad8-0a14243dfc7a}]
Capabilities {acceptInsecureCerts: false, browserName: chrome, browserVersion: 105.0.5195.102, chrome: {chromedriverVersion: 105.0.5195.52 (412c95e51883..., userDataDir: C:\Users\HAI\AppData\Local\...}, goog:chromeOptions: {debuggerAddress: localhost:56135}, networkConnectionEnabled: false, pageLoadStrategy: normal, platformName: WINDOWS, proxy: Proxy(), se:cdp: ws://localhost:56135/devtoo..., se:cdpVersion: 105.0.5195.102, setWindowRect: true, strictFileInteractability: false, timeouts: {implicit: 0, pageLoad: 300000, script: 30000}, unhandledPromptBehavior: dismiss and notify, webauthn:extension:credBlob: true, webauthn:extension:largeBlob: true, webauthn:virtualAuthenticators: true}
Element: [[ChromeDriver: chrome on WINDOWS (53d8d59d2304ffc3d29d5bd4104eef71)] -> xpath: //a[@href='https://practice.automationtesting.in/product/selenium-ruby/']]
Session ID: 53d8d59d2304ffc3d29d5bd4104eef71
at org.openqa.selenium.remote.codec.w3c.W3CHttpResponseCodec.createException(W3CHttpResponseCodec.java:200)
at org.openqa.selenium.remote.codec.w3c.W3CHttpResponseCodec.decode(W3CHttpResponseCodec.java:133)
at org.openqa.selenium.remote.codec.w3c.W3CHttpResponseCodec.decode(W3CHttpResponseCodec.java:53)
at org.openqa.selenium.remote.HttpCommandExecutor.execute(HttpCommandExecutor.java:184)
at org.openqa.selenium.remote.service.DriverCommandExecutor.invokeExecute(DriverCommandExecutor.java:167)
at org.openqa.selenium.remote.service.DriverCommandExecutor.execute(DriverCommandExecutor.java:142)
at org.openqa.selenium.remote.RemoteWebDriver.execute(RemoteWebDriver.java:569)
at org.openqa.selenium.remote.RemoteWebElement.execute(RemoteWebElement.java:257)
at org.openqa.selenium.remote.RemoteWebElement.click(RemoteWebElement.java:78)
at org.openqa.selenium.support.pagefactory.internal.LocatingElementHandler.invoke(LocatingElementHandler.java:52)
at jdk.proxy2/jdk.proxy2.$Proxy19.click(Unknown Source)
at PageObjects.HomePage.clickONRubybook(HomePage.java:62)
at testcases.TC_HomePage_006.checkForPrice(TC_HomePage_006.java:31)
at java.base/java.util.ArrayList.forEach(ArrayList.java:1511)
... Removed 30 stack frames]]>
    </failure>
  </testcase> <!-- checkForPrice -->
  <testcase classname="testcases.TC_HomePage_007" name="checkForQuantityInput" time="12.783">
    <failure type="org.openqa.selenium.NoSuchElementException" message="no such element: Unable to locate element: {&amp;quot;method&amp;quot;:&amp;quot;xpath&amp;quot;,&amp;quot;selector&amp;quot;:&amp;quot;//div/a[@href=&amp;apos;https://practice.automationtesting.in/basket/&amp;apos;]&amp;quot;}
  (Session info: chrome=105.0.5195.102)
For documentation on this error, please visit: https://selenium.dev/exceptions/#no_such_element
Build info: version: &amp;apos;4.3.0&amp;apos;, revision: &amp;apos;a4995e2c09*&amp;apos;
System info: host: &amp;apos;DESKTOP-CFATBVO&amp;apos;, ip: &amp;apos;192.168.2.8&amp;apos;, os.name: &amp;apos;Windows 10&amp;apos;, os.arch: &amp;apos;amd64&amp;apos;, os.version: &amp;apos;10.0&amp;apos;, java.version: &amp;apos;18&amp;apos;
Driver info: org.openqa.selenium.chrome.ChromeDriver
Command: [8c194a2555cec2f3ebba66f7f3527742, findElement {using=xpath, value=//div/a[@href=&amp;apos;https://practice.automationtesting.in/basket/&amp;apos;]}]
Capabilities {acceptInsecureCerts: false, browserName: chrome, browserVersion: 105.0.5195.102, chrome: {chromedriverVersion: 105.0.5195.52 (412c95e51883..., userDataDir: C:\Users\HAI\AppData\Local\...}, goog:chromeOptions: {debuggerAddress: localhost:56189}, networkConnectionEnabled: false, pageLoadStrategy: normal, platformName: WINDOWS, proxy: Proxy(), se:cdp: ws://localhost:56189/devtoo..., se:cdpVersion: 105.0.5195.102, setWindowRect: true, strictFileInteractability: false, timeouts: {implicit: 0, pageLoad: 300000, script: 30000}, unhandledPromptBehavior: dismiss and notify, webauthn:extension:credBlob: true, webauthn:extension:largeBlob: true, webauthn:virtualAuthenticators: true}
Session ID: 8c194a2555cec2f3ebba66f7f3527742">
      <![CDATA[org.openqa.selenium.NoSuchElementException: no such element: Unable to locate element: {"method":"xpath","selector":"//div/a[@href='https://practice.automationtesting.in/basket/']"}
  (Session info: chrome=105.0.5195.102)
For documentation on this error, please visit: https://selenium.dev/exceptions/#no_such_element
Build info: version: '4.3.0', revision: 'a4995e2c09*'
System info: host: 'DESKTOP-CFATBVO', ip: '192.168.2.8', os.name: 'Windows 10', os.arch: 'amd64', os.version: '10.0', java.version: '18'
Driver info: org.openqa.selenium.chrome.ChromeDriver
Command: [8c194a2555cec2f3ebba66f7f3527742, findElement {using=xpath, value=//div/a[@href='https://practice.automationtesting.in/basket/']}]
Capabilities {acceptInsecureCerts: false, browserName: chrome, browserVersion: 105.0.5195.102, chrome: {chromedriverVersion: 105.0.5195.52 (412c95e51883..., userDataDir: C:\Users\HAI\AppData\Local\...}, goog:chromeOptions: {debuggerAddress: localhost:56189}, networkConnectionEnabled: false, pageLoadStrategy: normal, platformName: WINDOWS, proxy: Proxy(), se:cdp: ws://localhost:56189/devtoo..., se:cdpVersion: 105.0.5195.102, setWindowRect: true, strictFileInteractability: false, timeouts: {implicit: 0, pageLoad: 300000, script: 30000}, unhandledPromptBehavior: dismiss and notify, webauthn:extension:credBlob: true, webauthn:extension:largeBlob: true, webauthn:virtualAuthenticators: true}
Session ID: 8c194a2555cec2f3ebba66f7f3527742
at org.openqa.selenium.remote.codec.w3c.W3CHttpResponseCodec.createException(W3CHttpResponseCodec.java:200)
at org.openqa.selenium.remote.codec.w3c.W3CHttpResponseCodec.decode(W3CHttpResponseCodec.java:133)
at org.openqa.selenium.remote.codec.w3c.W3CHttpResponseCodec.decode(W3CHttpResponseCodec.java:53)
at org.openqa.selenium.remote.HttpCommandExecutor.execute(HttpCommandExecutor.java:184)
at org.openqa.selenium.remote.service.DriverCommandExecutor.invokeExecute(DriverCommandExecutor.java:167)
at org.openqa.selenium.remote.service.DriverCommandExecutor.execute(DriverCommandExecutor.java:142)
at org.openqa.selenium.remote.RemoteWebDriver.execute(RemoteWebDriver.java:569)
at org.openqa.selenium.remote.ElementLocation$ElementFinder$2.findElement(ElementLocation.java:162)
at org.openqa.selenium.remote.ElementLocation.findElement(ElementLocation.java:60)
at org.openqa.selenium.remote.RemoteWebDriver.findElement(RemoteWebDriver.java:387)
at org.openqa.selenium.remote.RemoteWebDriver.findElement(RemoteWebDriver.java:379)
at org.openqa.selenium.support.pagefactory.DefaultElementLocator.findElement(DefaultElementLocator.java:70)
at org.openqa.selenium.support.pagefactory.internal.LocatingElementHandler.invoke(LocatingElementHandler.java:39)
at jdk.proxy2/jdk.proxy2.$Proxy19.isEnabled(Unknown Source)
at PageObjects.ProductAddToCartPage.isLink_ViewasketEnabled(ProductAddToCartPage.java:79)
at testcases.TC_HomePage_007.checkForQuantityInput(TC_HomePage_007.java:31)
at java.base/java.util.ArrayList.forEach(ArrayList.java:1511)
... Removed 28 stack frames]]>
    </failure>
  </testcase> <!-- checkForQuantityInput -->
  <testcase classname="testcases.TC_HomePage_011" name="checkForRemoveItem" time="18.959">
    <failure type="java.lang.AssertionError" message="expected [35000] but found [35000]">
      <![CDATA[java.lang.AssertionError: expected [35000] but found [35000]
at testcases.TC_HomePage_011.checkForRemoveItem(TC_HomePage_011.java:68)
at java.base/java.util.ArrayList.forEach(ArrayList.java:1511)
... Removed 30 stack frames]]>
    </failure>
  </testcase> <!-- checkForRemoveItem -->
  <testcase classname="testcases.TC_HomePage_001" name="verifySliders" time="4.39"/>
  <testcase classname="testcases.TC_HomePage_012" name="checkForCouponNotAppliedOnLessThan450" time="18.439">
    <failure type="java.lang.NumberFormatException" message="For input string: &amp;quot;350.00&amp;quot;">
      <![CDATA[java.lang.NumberFormatException: For input string: "350.00"
at java.base/java.lang.NumberFormatException.forInputString(NumberFormatException.java:67)
at java.base/java.lang.Integer.parseInt(Integer.java:668)
at java.base/java.lang.Integer.parseInt(Integer.java:784)
at testcases.TC_HomePage_012.checkForCouponNotAppliedOnLessThan450(TC_HomePage_012.java:58)
at java.base/java.util.ArrayList.forEach(ArrayList.java:1511)
... Removed 25 stack frames]]>
    </failure>
  </testcase> <!-- checkForCouponNotAppliedOnLessThan450 -->
  <testcase classname="testcases.TC_HomePage_002" name="testArrivals" time="10.246"/>
  <testcase classname="testcases.TC_HomePage_003" name="verifyIsArrivalsClickable" time="30.181">
    <failure type="org.openqa.selenium.NoSuchElementException" message="no such element: Unable to locate element: {&amp;quot;method&amp;quot;:&amp;quot;xpath&amp;quot;,&amp;quot;selector&amp;quot;:&amp;quot;//button[@class=&amp;apos;single_add_to_cart_button button alt&amp;apos;]&amp;quot;}
  (Session info: chrome=105.0.5195.102)
For documentation on this error, please visit: https://selenium.dev/exceptions/#no_such_element
Build info: version: &amp;apos;4.3.0&amp;apos;, revision: &amp;apos;a4995e2c09*&amp;apos;
System info: host: &amp;apos;DESKTOP-CFATBVO&amp;apos;, ip: &amp;apos;192.168.2.8&amp;apos;, os.name: &amp;apos;Windows 10&amp;apos;, os.arch: &amp;apos;amd64&amp;apos;, os.version: &amp;apos;10.0&amp;apos;, java.version: &amp;apos;18&amp;apos;
Driver info: org.openqa.selenium.chrome.ChromeDriver
Command: [54d565720e25bcf093a1b45e932c91a0, findElement {using=xpath, value=//button[@class=&amp;apos;single_add_to_cart_button button alt&amp;apos;]}]
Capabilities {acceptInsecureCerts: false, browserName: chrome, browserVersion: 105.0.5195.102, chrome: {chromedriverVersion: 105.0.5195.52 (412c95e51883..., userDataDir: C:\Users\HAI\AppData\Local\...}, goog:chromeOptions: {debuggerAddress: localhost:56501}, networkConnectionEnabled: false, pageLoadStrategy: normal, platformName: WINDOWS, proxy: Proxy(), se:cdp: ws://localhost:56501/devtoo..., se:cdpVersion: 105.0.5195.102, setWindowRect: true, strictFileInteractability: false, timeouts: {implicit: 0, pageLoad: 300000, script: 30000}, unhandledPromptBehavior: dismiss and notify, webauthn:extension:credBlob: true, webauthn:extension:largeBlob: true, webauthn:virtualAuthenticators: true}
Session ID: 54d565720e25bcf093a1b45e932c91a0">
      <![CDATA[org.openqa.selenium.NoSuchElementException: no such element: Unable to locate element: {"method":"xpath","selector":"//button[@class='single_add_to_cart_button button alt']"}
  (Session info: chrome=105.0.5195.102)
For documentation on this error, please visit: https://selenium.dev/exceptions/#no_such_element
Build info: version: '4.3.0', revision: 'a4995e2c09*'
System info: host: 'DESKTOP-CFATBVO', ip: '192.168.2.8', os.name: 'Windows 10', os.arch: 'amd64', os.version: '10.0', java.version: '18'
Driver info: org.openqa.selenium.chrome.ChromeDriver
Command: [54d565720e25bcf093a1b45e932c91a0, findElement {using=xpath, value=//button[@class='single_add_to_cart_button button alt']}]
Capabilities {acceptInsecureCerts: false, browserName: chrome, browserVersion: 105.0.5195.102, chrome: {chromedriverVersion: 105.0.5195.52 (412c95e51883..., userDataDir: C:\Users\HAI\AppData\Local\...}, goog:chromeOptions: {debuggerAddress: localhost:56501}, networkConnectionEnabled: false, pageLoadStrategy: normal, platformName: WINDOWS, proxy: Proxy(), se:cdp: ws://localhost:56501/devtoo..., se:cdpVersion: 105.0.5195.102, setWindowRect: true, strictFileInteractability: false, timeouts: {implicit: 0, pageLoad: 300000, script: 30000}, unhandledPromptBehavior: dismiss and notify, webauthn:extension:credBlob: true, webauthn:extension:largeBlob: true, webauthn:virtualAuthenticators: true}
Session ID: 54d565720e25bcf093a1b45e932c91a0
at org.openqa.selenium.remote.codec.w3c.W3CHttpResponseCodec.createException(W3CHttpResponseCodec.java:200)
at org.openqa.selenium.remote.codec.w3c.W3CHttpResponseCodec.decode(W3CHttpResponseCodec.java:133)
at org.openqa.selenium.remote.codec.w3c.W3CHttpResponseCodec.decode(W3CHttpResponseCodec.java:53)
at org.openqa.selenium.remote.HttpCommandExecutor.execute(HttpCommandExecutor.java:184)
at org.openqa.selenium.remote.service.DriverCommandExecutor.invokeExecute(DriverCommandExecutor.java:167)
at org.openqa.selenium.remote.service.DriverCommandExecutor.execute(DriverCommandExecutor.java:142)
at org.openqa.selenium.remote.RemoteWebDriver.execute(RemoteWebDriver.java:569)
at org.openqa.selenium.remote.ElementLocation$ElementFinder$2.findElement(ElementLocation.java:162)
at org.openqa.selenium.remote.ElementLocation.findElement(ElementLocation.java:60)
at org.openqa.selenium.remote.RemoteWebDriver.findElement(RemoteWebDriver.java:387)
at org.openqa.selenium.remote.RemoteWebDriver.findElement(RemoteWebDriver.java:379)
at org.openqa.selenium.support.pagefactory.DefaultElementLocator.findElement(DefaultElementLocator.java:70)
at org.openqa.selenium.support.pagefactory.internal.LocatingElementHandler.invoke(LocatingElementHandler.java:39)
at jdk.proxy2/jdk.proxy2.$Proxy19.isDisplayed(Unknown Source)
at PageObjects.ProductAddToCartPage.isAddToCartButtonPresent(ProductAddToCartPage.java:52)
at testcases.TC_HomePage_003.verifyIsArrivalsClickable(TC_HomePage_003.java:45)
at java.base/java.util.ArrayList.forEach(ArrayList.java:1511)
... Removed 28 stack frames]]>
    </failure>
  </testcase> <!-- verifyIsArrivalsClickable -->
  <testcase classname="testcases.TC_HomePage_010" name="checkForCouponNotAppliedOnLessThan450" time="19.982"/>
  <testcase classname="testcases.TC_Login_001" name="loginTest" time="13.195"/>
  <testcase classname="testcases.TC_Login_001" name="loginTest" time="9.549"/>
  <testcase classname="testcases.TC_Login_001" name="loginTest" time="9.064"/>
  <testcase classname="testcases.TC_Login_001" name="loginTest" time="9.336"/>
  <testcase classname="testcases.TC_Login_001" name="loginTest" time="8.643"/>
  <testcase classname="testcases.TC_Login_001" name="loginTest" time="8.462"/>
  <testcase classname="testcases.TC_Login_001" name="loginTest" time="8.77"/>
  <testcase classname="Base.BaseClass" name="@BeforeTest testSetUp" time="0.0">
    <ignored/>
  </testcase> <!-- @BeforeTest testSetUp -->
  <testcase classname="Base.BaseClass" name="@BeforeTest testSetUp" time="0.0">
    <ignored/>
  </testcase> <!-- @BeforeTest testSetUp -->
  <testcase classname="Base.BaseClass" name="@BeforeTest testSetUp" time="0.0">
    <ignored/>
  </testcase> <!-- @BeforeTest testSetUp -->
  <testcase classname="Base.BaseClass" name="@BeforeTest testSetUp" time="0.0">
    <ignored/>
  </testcase> <!-- @BeforeTest testSetUp -->
  <testcase classname="Base.BaseClass" name="@BeforeTest testSetUp" time="0.0">
    <ignored/>
  </testcase> <!-- @BeforeTest testSetUp -->
  <testcase classname="Base.BaseClass" name="@BeforeTest testSetUp" time="0.0">
    <ignored/>
  </testcase> <!-- @BeforeTest testSetUp -->
  <testcase classname="Base.BaseClass" name="@BeforeTest testSetUp" time="0.0">
    <ignored/>
  </testcase> <!-- @BeforeTest testSetUp -->
  <testcase classname="Base.BaseClass" name="@BeforeTest testSetUp" time="0.0">
    <ignored/>
  </testcase> <!-- @BeforeTest testSetUp -->
  <testcase classname="Base.BaseClass" name="@BeforeTest testSetUp" time="0.0">
    <ignored/>
  </testcase> <!-- @BeforeTest testSetUp -->
  <testcase classname="Base.BaseClass" name="@BeforeTest testSetUp" time="0.0">
    <ignored/>
  </testcase> <!-- @BeforeTest testSetUp -->
  <testcase classname="Base.BaseClass" name="@BeforeTest testSetUp" time="0.0">
    <ignored/>
  </testcase> <!-- @BeforeTest testSetUp -->
  <testcase classname="Base.BaseClass" name="@BeforeTest testSetUp" time="0.0">
    <ignored/>
  </testcase> <!-- @BeforeTest testSetUp -->
  <testcase classname="Base.BaseClass" name="@BeforeTest testSetUp" time="0.0">
    <ignored/>
  </testcase> <!-- @BeforeTest testSetUp -->
</testsuite> <!-- Test -->
